2024-07-24 22:32:41,272 INFO o.s.o.j.LocalContainerEntityManagerFactoryBean [SpringApplicationShutdownHook] Closing JPA EntityManagerFactory for persistence unit 'default'
2024-07-24 22:32:41,287 INFO c.z.h.HikariDataSource [SpringApplicationShutdownHook] HikariPool-1 - Shutdown initiated...
2024-07-24 22:32:41,300 INFO c.z.h.HikariDataSource [SpringApplicationShutdownHook] HikariPool-1 - Shutdown completed.
2024-07-24 22:32:44,226 INFO c.c.t.TcpipstackApplication [restartedMain] Starting TcpipstackApplication using Java 22.0.1 with PID 33196 (F:\1. INGENIERIA DE SISTEMAS\PROGRAMACIÓN JAVA\tcpipstack\back\target\classes started by Camilo Medina in F:\1. INGENIERIA DE SISTEMAS\PROGRAMACIÓN JAVA\tcpipstack\back)
2024-07-24 22:32:44,229 INFO c.c.t.TcpipstackApplication [restartedMain] No active profile set, falling back to 1 default profile: "default"
2024-07-24 22:32:44,323 INFO o.s.b.d.e.DevToolsPropertyDefaultsPostProcessor [restartedMain] Devtools property defaults active! Set 'spring.devtools.add-properties' to 'false' to disable
2024-07-24 22:32:44,323 INFO o.s.b.d.e.DevToolsPropertyDefaultsPostProcessor [restartedMain] For additional web related logging consider setting the 'logging.level.web' property to 'DEBUG'
2024-07-24 22:32:45,347 INFO o.s.d.r.c.RepositoryConfigurationDelegate [restartedMain] Bootstrapping Spring Data JPA repositories in DEFAULT mode.
2024-07-24 22:32:45,411 INFO o.s.d.r.c.RepositoryConfigurationDelegate [restartedMain] Finished Spring Data repository scanning in 54 ms. Found 1 JPA repository interface.
2024-07-24 22:32:46,128 INFO o.s.b.w.e.t.TomcatWebServer [restartedMain] Tomcat initialized with port 8080 (http)
2024-07-24 22:32:46,141 INFO o.a.c.c.StandardService [restartedMain] Starting service [Tomcat]
2024-07-24 22:32:46,141 INFO o.a.c.c.StandardEngine [restartedMain] Starting Servlet engine: [Apache Tomcat/10.1.24]
2024-07-24 22:32:46,186 INFO o.a.c.c.C.[.[.[/] [restartedMain] Initializing Spring embedded WebApplicationContext
2024-07-24 22:32:46,186 INFO o.s.b.w.s.c.ServletWebServerApplicationContext [restartedMain] Root WebApplicationContext: initialization completed in 1862 ms
2024-07-24 22:32:46,326 INFO o.h.j.i.u.LogHelper [restartedMain] HHH000204: Processing PersistenceUnitInfo [name: default]
2024-07-24 22:32:46,432 INFO o.h.Version [restartedMain] HHH000412: Hibernate ORM core version 6.5.2.Final
2024-07-24 22:32:46,490 INFO o.h.c.i.RegionFactoryInitiator [restartedMain] HHH000026: Second-level cache disabled
2024-07-24 22:32:46,910 INFO o.s.o.j.p.SpringPersistenceUnitInfo [restartedMain] No LoadTimeWeaver setup: ignoring JPA class transformer
2024-07-24 22:32:46,946 INFO c.z.h.HikariDataSource [restartedMain] HikariPool-1 - Starting...
2024-07-24 22:32:47,339 INFO c.z.h.p.HikariPool [restartedMain] HikariPool-1 - Added connection com.mysql.cj.jdbc.ConnectionImpl@1157f45a
2024-07-24 22:32:47,342 INFO c.z.h.HikariDataSource [restartedMain] HikariPool-1 - Start completed.
2024-07-24 22:32:48,604 INFO o.h.e.t.j.p.i.JtaPlatformInitiator [restartedMain] HHH000489: No JTA platform available (set 'hibernate.transaction.jta.platform' to enable JTA platform integration)
2024-07-24 22:32:48,696 INFO o.s.o.j.LocalContainerEntityManagerFactoryBean [restartedMain] Initialized JPA EntityManagerFactory for persistence unit 'default'
2024-07-24 22:32:49,259 INFO o.s.s.c.a.a.c.InitializeAuthenticationProviderBeanManagerConfigurer$InitializeAuthenticationProviderManagerConfigurer [restartedMain] Global AuthenticationManager configured with AuthenticationProvider bean with name authenticationProvider
2024-07-24 22:32:49,260 WARN o.s.s.c.a.a.c.InitializeUserDetailsBeanManagerConfigurer$InitializeUserDetailsManagerConfigurer [restartedMain] Global AuthenticationManager configured with an AuthenticationProvider bean. UserDetailsService beans will not be used for username/password login. Consider removing the AuthenticationProvider bean. Alternatively, consider using the UserDetailsService in a manually instantiated DaoAuthenticationProvider.
2024-07-24 22:32:49,302 WARN o.s.b.a.o.j.JpaBaseConfiguration$JpaWebConfiguration [restartedMain] spring.jpa.open-in-view is enabled by default. Therefore, database queries may be performed during view rendering. Explicitly configure spring.jpa.open-in-view to disable this warning
2024-07-24 22:32:49,665 INFO o.s.s.w.DefaultSecurityFilterChain [restartedMain] Will secure any request with [org.springframework.security.web.session.DisableEncodeUrlFilter@75b73982, org.springframework.security.web.context.request.async.WebAsyncManagerIntegrationFilter@7c54846e, org.springframework.security.web.context.SecurityContextHolderFilter@4406de5d, org.springframework.security.web.header.HeaderWriterFilter@76c41193, org.springframework.web.filter.CorsFilter@6e0098f, org.springframework.security.web.authentication.logout.LogoutFilter@4eed0d5b, cmedina.cirion.tcpipstack.JWTAuthentication.JWTAuthenticationFilter@2afb62dc, org.springframework.security.web.savedrequest.RequestCacheAwareFilter@56c7b3d8, org.springframework.security.web.servletapi.SecurityContextHolderAwareRequestFilter@779a5534, org.springframework.security.web.authentication.AnonymousAuthenticationFilter@422b842d, org.springframework.security.web.session.SessionManagementFilter@7436b452, org.springframework.security.web.access.ExceptionTranslationFilter@5636f772, org.springframework.security.web.access.intercept.AuthorizationFilter@1be24103]
2024-07-24 22:32:49,968 INFO o.s.b.d.a.OptionalLiveReloadServer [restartedMain] LiveReload server is running on port 35729
2024-07-24 22:32:50,015 INFO o.s.b.w.e.t.TomcatWebServer [restartedMain] Tomcat started on port 8080 (http) with context path '/'
2024-07-24 22:32:50,024 INFO c.c.t.TcpipstackApplication [restartedMain] Started TcpipstackApplication in 6.328 seconds (process running for 7.535)
